This is pdfTeX, Version 3.1415926-2.4-1.40.13 (MiKTeX 2.9) (preloaded format=pdftex 2013.10.7)  7 OCT 2013 00:22
entering extended mode
**C:/Users/carlos/LaTEX/projeto_pesquisa_mestrado/ppgec.bib
(C:/Users/carlos/LaTEX/projeto_pesquisa_mestrado/ppgec.bib
Missing character: There is no í in font cmr10!
Missing character: There is no á in font cmr10!
 [1{C:/Users/carlos/AppData/Local/MiKTeX/2.9/pdftex/config/pdftex.map}]
! Misplaced alignment tab character &.
l.202 ....metapress.com/openurl.asp?genre=article&
                                                  amp;issn=0302-9743&amp;vol...

? tom
Type <return> to proceed, S to scroll future error messages,
R to run without stopping, Q to run quietly,
I to insert something, E to edit your file,
1 or ... or 9 to ignore the next 1 to 9 tokens of input,
H for help, X to quit.
? 
! Emergency stop.
l.202 ....metapress.com/openurl.asp?genre=article&
                                                  amp;issn=0302-9743&amp;vol...
End of file on the terminal!

!  ==> Fatal error occurred, no output PDF file produced!
